── Attaching core tidyverse packages ──────────────────────── tidyverse 2.0.0 ──
✔ dplyr     1.1.2     ✔ readr     2.1.3
✔ forcats   0.5.2     ✔ stringr   1.5.0
✔ ggplot2   3.4.0     ✔ tibble    3.2.1
✔ lubridate 1.9.2     ✔ tidyr     1.3.0
✔ purrr     1.0.1     
── Conflicts ────────────────────────────────────────── tidyverse_conflicts() ──
✖ dplyr::filter() masks stats::filter()
✖ dplyr::lag()    masks stats::lag()
ℹ Use the conflicted package (<http://conflicted.r-lib.org/>) to force all conflicts to become errors
Selecting by min_played
[1] "1: Dominic Fike"
[1] "2: Conro"
[1] "4: The Happy Fits"
[1] "5: NEIL FRANCES"
[1] "6: Lake Street Dive"
[1] "7: Arctic Monkeys"
[1] "8: half•alive"
[1] "9: Damian Ukeje"
[1] "10: Dreamville"
[1] "11: Oliver Tree"
[1] "12: Mumford & Sons"
[1] "13: Junior Boys"
[1] "14: Up First"
[1] "15: Sure Sure"
[1] "16: Bon Iver"
