[1] "1: Federico Albanese"
[1] "2: Noah Cyrus"
[1] "3: pluko"
[1] "5: Young Fathers"
[1] "6: Amber Mark"
[1] "7: Cuco"
[1] "8: The xx"
[1] "9: Louis Armstrong"
[1] "10: SZA"
[1] "11: Ashes To Amber"
[1] "12: Mustard Service"
[1] "13: Calvin Harris"
[1] "14: Just A Gent"
[1] "15: Bakar"
[1] "17: Justin Timberlake"
[1] "18: Rootkit"
[1] "19: Bruno Mars"
[1] "20: Ceramic Animal"
[1] "21: Cubicolor"
[1] "22: Yeah Yeah Yeahs"
[1] "23: Surf Curse"
[1] "24: McCoy Tyner"
[1] "25: Self-Help"
[1] "26: Franz Ferdinand"
[1] "27: Cordae"
[1] "28: Punch Brothers"
[1] "29: Tiësto"
[1] "30: Jase Harley"
[1] "31: Dauwd"
[1] "32: Stevie Wonder"
[1] "33: The Alchemist"
[1] "35: Lecx Stacy"
[1] "36: Portugal. The Man"
[1] "37: Kenny Beats"
[1] "38: Sarah and the Sundays"
[1] "39: St. South"
[1] "40: Andrew Applepie"
[1] "41: Free Nationals"
[1] "42: Kate Bush"
[1] "43: Lana Del Rey"
[1] "44: DJ Sabrina The Teenage DJ"
[1] "45: SiR"
[1] "46: Big Red Machine"
[1] "47: The Kiffness"
[1] "48: 稲垣次郎とソウル・メディア"
[1] "50: Spilt Milk Society"
[1] "51: Coldplay"
[1] "52: Sexion d'Assaut"
[1] "53: The Kinks"
[1] "55: Lord Huron"
[1] "56: Orbital"
[1] "57: Mipso"
[1] "58: Alegre Desayuno Jazz"
[1] "59: The Black Dog"
[1] "60: Yeek"
[1] "61: Angus & Julia Stone"
[1] "63: Miki Matsubara"
[1] "64: The Hacker"
[1] "65: Viken Arman"
[1] "67: Gesaffelstein"
[1] "69: Cool Company"
[1] "70: hometown & young"
[1] "71: Holly Humberstone"
[1] "72: Geowulf"
[1] "73: Armani White"
[1] "74: PREACHERVAN"
[1] "75: The Infamous Stringdusters"
[1] "76: Absofacto"
[1] "77: The Lagoons"
[1] "78: Viola Beach"
[1] "79: Loud Luxury"
[1] "80: Earl Sweatshirt"
[1] "81: The White Stripes"
[1] "82: Ray LaMontagne"
[1] "83: Hiatus Kaiyote"
[1] "84: USHER"
[1] "85: Dexter Mars"
[1] "86: Passenger"
[1] "87: Jazzy Bazz"
[1] "88: James Supercave"
[1] "91: Sawyer Fredericks"
[1] "92: Bendigo Fletcher"
[1] "93: Telula"
[1] "94: Ezra Bell"
[1] "96: Billy Strings"
[1] "97: The Killers"
[1] "98: Snarls"
[1] "99: Aaron May"
[1] "100: FLEECE"
[1] "101: The Buttertones"
[1] "102: LAUREL"
[1] "103: Houndmouth"
[1] "104: Toploader"
[1] "105: Twenty One Pilots"
[1] "107: Kurt Vile"
[1] "109: SAINt JHN"
[1] "111: LCD Soundsystem"
[1] "112: The Palms"
[1] "113: Petit Biscuit"
[1] "114: David Vertesi"
[1] "115: Rex Orange County"
[1] "116: Zella Day"
[1] "117: Medasin"
[1] "118: Ólafur Arnalds"
[1] "119: Joel Schoch"
[1] "120: Mako Road"
[1] "121: St Francis Hotel"
[1] "122: Elliot Moss"
[1] "124: Labrinth"
[1] "126: Simon & Garfunkel"
[1] "127: Duncan Fellows"
[1] "128: Art Tatum"
[1] "130: Ab-Soul"
[1] "131: il:lo"
[1] "132: Stoop Kids"
[1] "133: Royel Otis"
[1] "134: Niro"
[1] "135: Ludwig van Beethoven"
[1] "136: A Tribe Called Quest"
[1] "137: SIPHO."
[1] "138: Lou Reed"
[1] "139: Hippie Sabotage"
[1] "140: Deer Tick"
[1] "141: PARCEL"
[1] "142: Evalyn"
[1] "143: Sturgill Simpson"
[1] "144: Jye"
[1] "145: Yot Club"
[1] "146: Sleeping in the Aviary"
[1] "148: Martin Rott"
[1] "149: Cabu"
[1] "150: Dux"
[1] "151: Phony Ppl"
[1] "153: Camp Howard"
[1] "154: Lara Somogyi"
[1] "155: Lynyrd Skynyrd"
[1] "156: JIL"
[1] "157: Susto"
[1] "158: Béla Fleck"
[1] "159: Vindata"
[1] "160: Steely Dan"
[1] "161: Alvvays"
[1] "162: Zanski"
[1] "163: Sleepy Fish"
[1] "164: The 502s"
[1] "166: Oscar Scheller"
[1] "167: Nicki Minaj"
[1] "169: Barrie"
[1] "170: Coast Modern"
[1] "171: Justice Der"
[1] "172: redveil"
[1] "173: More Fatter"
[1] "174: Vance Joy"
[1] "175: The Teskey Brothers"
[1] "176: Üm"
[1] "177: Passion Pit"
[1] "178: The Flaming Lips"
[1] "180: Yndi"
[1] "181: Khalid"
[1] "182: Papadosio"
[1] "183: Richard Bone"
[1] "185: Microwave"
[1] "186: Juniper"
[1] "187: Thomas Barrandon"
[1] "188: Ray Parker Jr."
[1] "189: Patawawa"
[1] "190: juniorodeo"
[1] "191: Johannes Brecht"
[1] "192: Earth, Wind & Fire"
[1] "193: Alex Isley"
[1] "194: Flight Facilities"
[1] "195: The Flashbulb"
[1] "196: Molly Tuttle"
[1] "197: Paul Desmond"
[1] "198: The Revivalists"
[1] "199: Eartha Kitt"
[1] "201: Hikaru Utada"
[1] "202: Liam St. John"
[1] "203: Skip Waiters"
[1] "204: Free Party"
[1] "205: Private Island"
[1] "206: Yung Gravy"
[1] "207: Kevin Morby"
[1] "208: Valley Maker"
[1] "209: Deadly Hunta"
[1] "211: Avid Dancer"
[1] "212: Kid Francescoli"
[1] "213: Ginger Root"
[1] "214: Noname"
[1] "215: RAC"
[1] "216: Allah-Las"
[1] "217: Vacationer"
[1] "218: Anja Schneider"
[1] "220: Kavinsky"
[1] "222: MF DOOM"
[1] "223: Mild Minds"
[1] "225: Flying Lotus"
[1] "226: Chelou"
[1] "227: Lady Gaga"
[1] "228: Charlie Parker"
[1] "229: HUNNY"
[1] "230: Atmosphere of Calm"
[1] "231: Restaurante Jazz"
[1] "232: Stop Light Observations"
[1] "233: Greensky Bluegrass"
[1] "235: Rook Monroe"
[1] "236: Craft Spells"
[1] "238: Emily Remler"
[1] "240: Aquifer"
[1] "241: BADBADNOTGOOD"
[1] "242: Okey Dokey"
[1] "243: Allan Rayman"
[1] "244: ABBA"
[1] "245: The Brook & The Bluff"
[1] "247: Juliàn"
[1] "248: JSolo"
[1] "250: Konrad OldMoney"
[1] "252: Trampled by Turtles"
[1] "253: daste."
[1] "254: Stlndrms"
[1] "255: Birdy Nam Nam"
[1] "257: Yann Tiersen"
[1] "258: JAMA Clinical Reviews"
[1] "259: Beach Goons"
[1] "260: St. Paul & The Broken Bones"
[1] "261: Kevin Abstract"
[1] "262: Fort Romeau"
[1] "266: Yuno"
[1] "267: The Beaches"
[1] "268: Oh He Dead"
[1] "269: Jorge Milliano"
[1] "270: Cobra Man"
[1] "271: Harris Rudman"
[1] "272: Westpark"
[1] "273: Camila Cabello"
[1] "275: Session Victim"
[1] "276: Miel De Montagne"
[1] "277: Kid Cudi"
[1] "278: MIA GLADSTONE"
[1] "279: Nate Mercereau"
[1] "280: Knox Fortune"
[1] "282: Kupla"
[1] "283: Baird"
[1] "284: No Suits"
[1] "285: Jon Wiilde"
[1] "287: Klaypex"
[1] "288: Gordon Lightfoot"
[1] "289: SRNDE"
[1] "290: Sticky Fingers"
[1] "291: T-Pain"
[1] "292: Amindi"
[1] "293: Doze"
[1] "295: Migos"
[1] "296: Origami Button"
[1] "298: Nils Hoffmann"
[1] "299: Wet Leg"
[1] "302: 36"
[1] "303: Petey"
[1] "305: Covet"
[1] "306: Rav"
[1] "307: fun."
[1] "308: Yves Tumor"
[1] "309: Andre Bernier"
[1] "310: Maribou State"
[1] "311: Post Animal"
[1] "313: The Last Shadow Puppets"
[1] "314: Sylvan Esso"
[1] "315: The Internet"
[1] "316: Crooked Colours"
[1] "317: Metronomy"
[1] "318: Ramin Djawadi"
[1] "319: Tora"
[1] "320: SebastiAn"
[1] "321: Bas"
[1] "322: TOTO"
[1] "323: Tommy Flanagan Trio"
[1] "324: Diana Ross"
[1] "325: Rich The Kid"
[1] "326: Michael Kiwanuka"
[1] "327: Marc Copland"
[1] "328: Old Crow Medicine Show"
[1] "329: Jumo"
[1] "330: Wild Belle"
[1] "331: Lil Boodang"
[1] "332: Oso Oso"
[1] "333: The Band"
[1] "334: Swardy"
[1] "335: Populous"
[1] "336: Pony Bradshaw"
[1] "337: Max Cooper"
[1] "338: Ivory Waves"
[1] "339: Langhorne Slim"
[1] "340: Transviolet"
[1] "341: Wiretree"
[1] "342: Tomppabeats"
[1] "343: Foreign Air"
[1] "344: Chet Faker"
[1] "346: Bahamas"
[1] "347: Death Cab for Cutie"
[1] "349: RobyNight"
[1] "350: Ashnikko"
[1] "351: Old Man Canyon"
[1] "352: Saint Motel"
[1] "354: Måneskin"
[1] "355: ROSALÍA"
[1] "356: TWISTED"
[1] "358: Stevie Nicks"
[1] "359: AURORA"
[1] "360: BROCKBEATS"
[1] "361: The Bogie Band"
[1] "362: Ra Ra Riot"
[1] "363: SamuW"
[1] "365: Nickelback"
[1] "366: ghost orchard"
[1] "368: Caravan Palace"
[1] "369: meija"
[1] "371: OneRepublic"
[1] "373: Charlie Hunter"
[1] "375: Chris Remo"
[1] "378: will.i.am"
[1] "380: Lecrae"
[1] "381: TV Girl"
[1] "383: August Wilhelmsson"
[1] "384: Mike Posner"
[1] "385: Ms. Lauryn Hill"
[1] "386: Slaughter Beach, Dog"
[1] "387: BONES"
[1] "388: Tove Lo"
[1] "390: Cody Jinks"
[1] "391: Enrique Iglesias"
[1] "392: Ella Fitzgerald"
[1] "393: The Copper Children"
[1] "394: Rohne"
[1] "395: My Chemical Romance"
[1] "396: Daryl Hall & John Oates"
[1] "397: Blood Orchid"
[1] "398: Blue Stahli"
[1] "399: Noah Gundersen"
[1] "400: MAVI"
[1] "401: Alan Braufman"
[1] "402: Jas Shaw"
[1] "403: Future Islands"
[1] "404: Stephen Sanchez"
[1] "405: Próxima Parada"
[1] "407: California"
[1] "408: Low Hum"
[1] "409: Hosini"
[1] "411: softy"
[1] "412: Oscar Peterson"
[1] "413: Pye Corner Audio"
[1] "414: The Front Bottoms"
[1] "415: Movements"
[1] "416: Cold Weather Company"
[1] "417: Eiji Kitamura"
[1] "418: Cheat Codes"
[1] "419: Marshmello"
[1] "421: Dylan Brady"
[1] "422: UPSAHL"
[1] "423: Houses"
[1] "425: Theophilus London"
[1] "426: Local News Legend"
[1] "427: Farben"
[1] "428: Wacław Zimpel"
[1] "429: Mavine"
[1] "430: The Pharcyde"
[1] "431: Nigo"
[1] "432: Sarah Crean"
[1] "434: Mosie"
[1] "435: Jack Stauber"
[1] "436: Watsky"
[1] "437: Takumi Kaneko"
[1] "438: Jason Isbell and the 400 Unit"
[1] "439: Outkast"
[1] "440: Team Astro"
[1] "441: Abhi The Nomad"
[1] "442: brakence"
[1] "443: The Undercover Dream Lovers"
[1] "444: SAULT"
[1] "445: HAIM"
[1] "446: Jockstrap"
[1] "447: Your Neighbors"
[1] "448: Sækyi"
[1] "449: Harlan Silverman"
[1] "450: Dean Martin"
[1] "451: The Glorious Sons"
[1] "452: AnnenMayKantereit"
[1] "453: River Whyless"
[1] "454: Emma Beko"
[1] "455: Utada"
[1] "456: Mini Trees"
[1] "457: Foam and Sand"
[1] "458: The Strokes"
[1] "459: Teen Daze"
[1] "460: Alexandre Desplat"
[1] "461: Devon Gilfillian"
[1] "462: Field Guide"
[1] "463: Eli Rainsberry"
[1] "464: Fitz and The Tantrums"
[1] "465: beeno"
[1] "466: aldn"
[1] "468: Thievery Corporation"
[1] "469: Kyle Sparkman"
[1] "470: Eve"
[1] "471: The Hails"
[1] "472: Big Data"
[1] "473: Meghan Trainor"
[1] "474: Berhana"
[1] "475: Kenny Loggins"
[1] "476: Family of the Year"
[1] "477: Legwurk"
[1] "478: The Blue Van"
[1] "479: Carlos Ferreira"
[1] "481: HORSKH"
[1] "483: Foals"
[1] "484: Bombay Bicycle Club"
[1] "485: Saint Lane"
[1] "487: Mick Jenkins"
[1] "488: Summer Salt"
[1] "489: Nathaniel Rateliff & The Night Sweats"
[1] "491: Yugen Blakrok"
[1] "492: Mob Rich"
[1] "494: Half Moon Run"
[1] "495: blink-182"
[1] "496: OGRE Sound"
[1] "497: Dirty Nice"
[1] "498: Josh Meloy"
[1] "499: People Under The Stairs"
[1] "500: AWOLNATION"
[1] "501: Boom Forest"
[1] "502: The Beatles"
[1] "503: L'Impératrice"
[1] "504: William Orbit"
[1] "505: Gathering in Jazz"
[1] "506: Rezodrone"
[1] "507: Vampire Weekend"
[1] "508: Brittany Howard"
[1] "509: Sharon Van Etten"
[1] "510: Bertholet"
[1] "511: Ben Platt"
[1] "512: Shannon Lay"
[1] "513: Poo Bear"
[1] "515: The White Noise Travelers"
[1] "516: Jackie McLean"
[1] "517: Express Rising"
[1] "518: Steve Masakowski"
[1] "519: RICEWINE"
[1] "520: Blac Rabbit"
[1] "521: Alice Phoebe Lou"
[1] "523: Tierra Whack"
[1] "524: Worry Club"
[1] "525: Tensnake"
[1] "526: DAISY"
[1] "528: Kainalu"
[1] "529: G Mills"
[1] "531: Deepnoum"
[1] "532: Atta Boy"
[1] "533: Bien"
[1] "534: Beach House"
[1] "535: Nels Cline"
[1] "536: The Real Python Podcast"
[1] "537: Circa Waves"
[1] "538: Big Wild"
[1] "539: Gnavis"
[1] "540: Jack White"
[1] "541: Switched on Pop"
[1] "542: Timbaland"
[1] "543: Nico Segal"
[1] "544: Cascada"
[1] "545: Blue Swede"
[1] "546: MC Fioti"
[1] "548: D12"
[1] "549: Samuel Barber"
[1] "550: benny blanco"
[1] "551: Johan Lenox"
[1] "552: Fred again.."
[1] "553: Sublime"
[1] "554: Daði Freyr"
[1] "555: CRITTER"
[1] "556: Carly Rae Jepsen"
[1] "557: Sorcha Richardson"
[1] "558: ODIE"
[1] "559: 6LACK"
